CRITICAL - 2022-05-28 14:06:52 --> Call to undefined method App\Controllers\Home::checkDateExact()
#0 D:\Xampp\htdocs\Classrooms_for_rent\vendor\codeigniter4\framework\system\CodeIgniter.php(832): App\Controllers\Home->index()
#1 D:\Xampp\htdocs\Classrooms_for_rent\vendor\codeigniter4\framework\system\CodeIgniter.php(419): CodeIgniter\CodeIgniter->runController(Object(App\Controllers\Home))
#2 D:\Xampp\htdocs\Classrooms_for_rent\vendor\codeigniter4\framework\system\CodeIgniter.php(326): CodeIgniter\CodeIgniter->handleRequest(NULL, Object(Config\Cache), false)
#3 D:\Xampp\htdocs\Classrooms_for_rent\public\index.php(37): CodeIgniter\CodeIgniter->run()
#4 D:\Xampp\htdocs\Classrooms_for_rent\vendor\codeigniter4\framework\system\Commands\Server\rewrite.php(43): require_once('D:\\Xampp\\htdocs...')
#5 {main}
CRITICAL - 2022-05-28 14:14:24 --> Call to undefined method App\Controllers\Home::checkDateExact()
#0 D:\Xampp\htdocs\Classrooms_for_rent\vendor\codeigniter4\framework\system\CodeIgniter.php(832): App\Controllers\Home->index()
#1 D:\Xampp\htdocs\Classrooms_for_rent\vendor\codeigniter4\framework\system\CodeIgniter.php(419): CodeIgniter\CodeIgniter->runController(Object(App\Controllers\Home))
#2 D:\Xampp\htdocs\Classrooms_for_rent\vendor\codeigniter4\framework\system\CodeIgniter.php(326): CodeIgniter\CodeIgniter->handleRequest(NULL, Object(Config\Cache), false)
#3 D:\Xampp\htdocs\Classrooms_for_rent\public\index.php(37): CodeIgniter\CodeIgniter->run()
#4 D:\Xampp\htdocs\Classrooms_for_rent\vendor\codeigniter4\framework\system\Commands\Server\rewrite.php(43): require_once('D:\\Xampp\\htdocs...')
#5 {main}
CRITICAL - 2022-05-28 14:29:15 --> syntax error, unexpected '') ? '' (T_CONSTANT_ENCAPSED_STRING), expecting ')'
#0 D:\Xampp\htdocs\Classrooms_for_rent\vendor\codeigniter4\framework\system\Autoloader\Autoloader.php(241): CodeIgniter\Autoloader\Autoloader->includeFile('D:\\Xampp\\htdocs...')
#1 D:\Xampp\htdocs\Classrooms_for_rent\vendor\codeigniter4\framework\system\Autoloader\Autoloader.php(219): CodeIgniter\Autoloader\Autoloader->loadInNamespace('App\\Controllers...')
#2 [internal function]: CodeIgniter\Autoloader\Autoloader->loadClass('App\\Controllers...')
#3 [internal function]: spl_autoload_call('App\\Controllers...')
#4 D:\Xampp\htdocs\Classrooms_for_rent\vendor\codeigniter4\framework\system\CodeIgniter.php(797): class_exists('\\App\\Controller...', true)
#5 D:\Xampp\htdocs\Classrooms_for_rent\vendor\codeigniter4\framework\system\CodeIgniter.php(406): CodeIgniter\CodeIgniter->startController()
#6 D:\Xampp\htdocs\Classrooms_for_rent\vendor\codeigniter4\framework\system\CodeIgniter.php(326): CodeIgniter\CodeIgniter->handleRequest(NULL, Object(Config\Cache), false)
#7 D:\Xampp\htdocs\Classrooms_for_rent\public\index.php(37): CodeIgniter\CodeIgniter->run()
#8 D:\Xampp\htdocs\Classrooms_for_rent\vendor\codeigniter4\framework\system\Commands\Server\rewrite.php(43): require_once('D:\\Xampp\\htdocs...')
#9 {main}
CRITICAL - 2022-05-28 14:29:18 --> syntax error, unexpected '' '' (T_CONSTANT_ENCAPSED_STRING), expecting ')'
#0 D:\Xampp\htdocs\Classrooms_for_rent\vendor\codeigniter4\framework\system\Autoloader\Autoloader.php(241): CodeIgniter\Autoloader\Autoloader->includeFile('D:\\Xampp\\htdocs...')
#1 D:\Xampp\htdocs\Classrooms_for_rent\vendor\codeigniter4\framework\system\Autoloader\Autoloader.php(219): CodeIgniter\Autoloader\Autoloader->loadInNamespace('App\\Controllers...')
#2 [internal function]: CodeIgniter\Autoloader\Autoloader->loadClass('App\\Controllers...')
#3 [internal function]: spl_autoload_call('App\\Controllers...')
#4 D:\Xampp\htdocs\Classrooms_for_rent\vendor\codeigniter4\framework\system\CodeIgniter.php(797): class_exists('\\App\\Controller...', true)
#5 D:\Xampp\htdocs\Classrooms_for_rent\vendor\codeigniter4\framework\system\CodeIgniter.php(406): CodeIgniter\CodeIgniter->startController()
#6 D:\Xampp\htdocs\Classrooms_for_rent\vendor\codeigniter4\framework\system\CodeIgniter.php(326): CodeIgniter\CodeIgniter->handleRequest(NULL, Object(Config\Cache), false)
#7 D:\Xampp\htdocs\Classrooms_for_rent\public\index.php(37): CodeIgniter\CodeIgniter->run()
#8 D:\Xampp\htdocs\Classrooms_for_rent\vendor\codeigniter4\framework\system\Commands\Server\rewrite.php(43): require_once('D:\\Xampp\\htdocs...')
#9 {main}
CRITICAL - 2022-05-28 14:34:36 --> syntax error, unexpected 'else' (T_ELSE), expecting function (T_FUNCTION) or const (T_CONST)
#0 D:\Xampp\htdocs\Classrooms_for_rent\vendor\codeigniter4\framework\system\Autoloader\Autoloader.php(241): CodeIgniter\Autoloader\Autoloader->includeFile('D:\\Xampp\\htdocs...')
#1 D:\Xampp\htdocs\Classrooms_for_rent\vendor\codeigniter4\framework\system\Autoloader\Autoloader.php(219): CodeIgniter\Autoloader\Autoloader->loadInNamespace('App\\Models\\User...')
#2 [internal function]: CodeIgniter\Autoloader\Autoloader->loadClass('App\\Models\\User...')
#3 D:\Xampp\htdocs\Classrooms_for_rent\app\Controllers\Home.php(16): spl_autoload_call('App\\Models\\User...')
#4 D:\Xampp\htdocs\Classrooms_for_rent\vendor\codeigniter4\framework\system\CodeIgniter.php(809): App\Controllers\Home->__construct()
#5 D:\Xampp\htdocs\Classrooms_for_rent\vendor\codeigniter4\framework\system\CodeIgniter.php(410): CodeIgniter\CodeIgniter->createController()
#6 D:\Xampp\htdocs\Classrooms_for_rent\vendor\codeigniter4\framework\system\CodeIgniter.php(326): CodeIgniter\CodeIgniter->handleRequest(NULL, Object(Config\Cache), false)
#7 D:\Xampp\htdocs\Classrooms_for_rent\public\index.php(37): CodeIgniter\CodeIgniter->run()
#8 D:\Xampp\htdocs\Classrooms_for_rent\vendor\codeigniter4\framework\system\Commands\Server\rewrite.php(43): require_once('D:\\Xampp\\htdocs...')
#9 {main}
CRITICAL - 2022-05-28 14:36:47 --> syntax error, unexpected ')'
#0 D:\Xampp\htdocs\Classrooms_for_rent\vendor\codeigniter4\framework\system\Autoloader\Autoloader.php(241): CodeIgniter\Autoloader\Autoloader->includeFile('D:\\Xampp\\htdocs...')
#1 D:\Xampp\htdocs\Classrooms_for_rent\vendor\codeigniter4\framework\system\Autoloader\Autoloader.php(219): CodeIgniter\Autoloader\Autoloader->loadInNamespace('App\\Models\\User...')
#2 [internal function]: CodeIgniter\Autoloader\Autoloader->loadClass('App\\Models\\User...')
#3 D:\Xampp\htdocs\Classrooms_for_rent\app\Controllers\Home.php(16): spl_autoload_call('App\\Models\\User...')
#4 D:\Xampp\htdocs\Classrooms_for_rent\vendor\codeigniter4\framework\system\CodeIgniter.php(809): App\Controllers\Home->__construct()
#5 D:\Xampp\htdocs\Classrooms_for_rent\vendor\codeigniter4\framework\system\CodeIgniter.php(410): CodeIgniter\CodeIgniter->createController()
#6 D:\Xampp\htdocs\Classrooms_for_rent\vendor\codeigniter4\framework\system\CodeIgniter.php(326): CodeIgniter\CodeIgniter->handleRequest(NULL, Object(Config\Cache), false)
#7 D:\Xampp\htdocs\Classrooms_for_rent\public\index.php(37): CodeIgniter\CodeIgniter->run()
#8 D:\Xampp\htdocs\Classrooms_for_rent\vendor\codeigniter4\framework\system\Commands\Server\rewrite.php(43): require_once('D:\\Xampp\\htdocs...')
#9 {main}
CRITICAL - 2022-05-28 14:49:30 --> Invalid file: welcome_message.php
#0 D:\Xampp\htdocs\Classrooms_for_rent\vendor\codeigniter4\framework\system\View\View.php(198): CodeIgniter\Exceptions\FrameworkException::forInvalidFile('welcome_message...')
#1 D:\Xampp\htdocs\Classrooms_for_rent\vendor\codeigniter4\framework\system\Common.php(1089): CodeIgniter\View\View->render('welcome_message', Array, true)
#2 D:\Xampp\htdocs\Classrooms_for_rent\app\Controllers\Home.php(24): view('welcome_message')
#3 D:\Xampp\htdocs\Classrooms_for_rent\vendor\codeigniter4\framework\system\CodeIgniter.php(832): App\Controllers\Home->index()
#4 D:\Xampp\htdocs\Classrooms_for_rent\vendor\codeigniter4\framework\system\CodeIgniter.php(419): CodeIgniter\CodeIgniter->runController(Object(App\Controllers\Home))
#5 D:\Xampp\htdocs\Classrooms_for_rent\vendor\codeigniter4\framework\system\CodeIgniter.php(326): CodeIgniter\CodeIgniter->handleRequest(NULL, Object(Config\Cache), false)
#6 D:\Xampp\htdocs\Classrooms_for_rent\public\index.php(37): CodeIgniter\CodeIgniter->run()
#7 D:\Xampp\htdocs\Classrooms_for_rent\vendor\codeigniter4\framework\system\Commands\Server\rewrite.php(43): require_once('D:\\Xampp\\htdocs...')
#8 {main}
CRITICAL - 2022-05-28 14:50:07 --> Invalid file: welcome_message.php
#0 D:\Xampp\htdocs\Classrooms_for_rent\vendor\codeigniter4\framework\system\View\View.php(198): CodeIgniter\Exceptions\FrameworkException::forInvalidFile('welcome_message...')
#1 D:\Xampp\htdocs\Classrooms_for_rent\vendor\codeigniter4\framework\system\Common.php(1089): CodeIgniter\View\View->render('welcome_message', Array, true)
#2 D:\Xampp\htdocs\Classrooms_for_rent\app\Controllers\Home.php(24): view('welcome_message')
#3 D:\Xampp\htdocs\Classrooms_for_rent\vendor\codeigniter4\framework\system\CodeIgniter.php(832): App\Controllers\Home->index()
#4 D:\Xampp\htdocs\Classrooms_for_rent\vendor\codeigniter4\framework\system\CodeIgniter.php(419): CodeIgniter\CodeIgniter->runController(Object(App\Controllers\Home))
#5 D:\Xampp\htdocs\Classrooms_for_rent\vendor\codeigniter4\framework\system\CodeIgniter.php(326): CodeIgniter\CodeIgniter->handleRequest(NULL, Object(Config\Cache), false)
#6 D:\Xampp\htdocs\Classrooms_for_rent\public\index.php(37): CodeIgniter\CodeIgniter->run()
#7 D:\Xampp\htdocs\Classrooms_for_rent\vendor\codeigniter4\framework\system\Commands\Server\rewrite.php(43): require_once('D:\\Xampp\\htdocs...')
#8 {main}
CRITICAL - 2022-05-28 14:50:17 --> Invalid file: welcome_message.php
#0 D:\Xampp\htdocs\Classrooms_for_rent\vendor\codeigniter4\framework\system\View\View.php(198): CodeIgniter\Exceptions\FrameworkException::forInvalidFile('welcome_message...')
#1 D:\Xampp\htdocs\Classrooms_for_rent\vendor\codeigniter4\framework\system\Common.php(1089): CodeIgniter\View\View->render('welcome_message', Array, true)
#2 D:\Xampp\htdocs\Classrooms_for_rent\app\Controllers\Home.php(24): view('welcome_message')
#3 D:\Xampp\htdocs\Classrooms_for_rent\vendor\codeigniter4\framework\system\CodeIgniter.php(832): App\Controllers\Home->index()
#4 D:\Xampp\htdocs\Classrooms_for_rent\vendor\codeigniter4\framework\system\CodeIgniter.php(419): CodeIgniter\CodeIgniter->runController(Object(App\Controllers\Home))
#5 D:\Xampp\htdocs\Classrooms_for_rent\vendor\codeigniter4\framework\system\CodeIgniter.php(326): CodeIgniter\CodeIgniter->handleRequest(NULL, Object(Config\Cache), false)
#6 D:\Xampp\htdocs\Classrooms_for_rent\public\index.php(37): CodeIgniter\CodeIgniter->run()
#7 D:\Xampp\htdocs\Classrooms_for_rent\vendor\codeigniter4\framework\system\Commands\Server\rewrite.php(43): require_once('D:\\Xampp\\htdocs...')
#8 {main}
CRITICAL - 2022-05-28 14:50:26 --> Invalid file: welcome_message.php
#0 D:\Xampp\htdocs\Classrooms_for_rent\vendor\codeigniter4\framework\system\View\View.php(198): CodeIgniter\Exceptions\FrameworkException::forInvalidFile('welcome_message...')
#1 D:\Xampp\htdocs\Classrooms_for_rent\vendor\codeigniter4\framework\system\Common.php(1089): CodeIgniter\View\View->render('welcome_message', Array, true)
#2 D:\Xampp\htdocs\Classrooms_for_rent\app\Controllers\Home.php(24): view('welcome_message')
#3 D:\Xampp\htdocs\Classrooms_for_rent\vendor\codeigniter4\framework\system\CodeIgniter.php(832): App\Controllers\Home->index()
#4 D:\Xampp\htdocs\Classrooms_for_rent\vendor\codeigniter4\framework\system\CodeIgniter.php(419): CodeIgniter\CodeIgniter->runController(Object(App\Controllers\Home))
#5 D:\Xampp\htdocs\Classrooms_for_rent\vendor\codeigniter4\framework\system\CodeIgniter.php(326): CodeIgniter\CodeIgniter->handleRequest(NULL, Object(Config\Cache), false)
#6 D:\Xampp\htdocs\Classrooms_for_rent\public\index.php(37): CodeIgniter\CodeIgniter->run()
#7 D:\Xampp\htdocs\Classrooms_for_rent\vendor\codeigniter4\framework\system\Commands\Server\rewrite.php(43): require_once('D:\\Xampp\\htdocs...')
#8 {main}
CRITICAL - 2022-05-28 14:50:47 --> Invalid file: welcome_message.php
#0 D:\Xampp\htdocs\Classrooms_for_rent\vendor\codeigniter4\framework\system\View\View.php(198): CodeIgniter\Exceptions\FrameworkException::forInvalidFile('welcome_message...')
#1 D:\Xampp\htdocs\Classrooms_for_rent\vendor\codeigniter4\framework\system\Common.php(1089): CodeIgniter\View\View->render('welcome_message', Array, true)
#2 D:\Xampp\htdocs\Classrooms_for_rent\app\Controllers\Home.php(24): view('welcome_message')
#3 D:\Xampp\htdocs\Classrooms_for_rent\vendor\codeigniter4\framework\system\CodeIgniter.php(832): App\Controllers\Home->index()
#4 D:\Xampp\htdocs\Classrooms_for_rent\vendor\codeigniter4\framework\system\CodeIgniter.php(419): CodeIgniter\CodeIgniter->runController(Object(App\Controllers\Home))
#5 D:\Xampp\htdocs\Classrooms_for_rent\vendor\codeigniter4\framework\system\CodeIgniter.php(326): CodeIgniter\CodeIgniter->handleRequest(NULL, Object(Config\Cache), false)
#6 D:\Xampp\htdocs\Classrooms_for_rent\public\index.php(37): CodeIgniter\CodeIgniter->run()
#7 D:\Xampp\htdocs\Classrooms_for_rent\vendor\codeigniter4\framework\system\Commands\Server\rewrite.php(43): require_once('D:\\Xampp\\htdocs...')
#8 {main}
CRITICAL - 2022-05-28 17:18:42 --> Call to a member function has() on null
#0 D:\Xampp\htdocs\Classrooms_for_rent\app\Controllers\HomeController.php(30): App\Controllers\HomeController->checkLogin()
#1 D:\Xampp\htdocs\Classrooms_for_rent\vendor\codeigniter4\framework\system\CodeIgniter.php(832): App\Controllers\HomeController->Login_Page()
#2 D:\Xampp\htdocs\Classrooms_for_rent\vendor\codeigniter4\framework\system\CodeIgniter.php(419): CodeIgniter\CodeIgniter->runController(Object(App\Controllers\HomeController))
#3 D:\Xampp\htdocs\Classrooms_for_rent\vendor\codeigniter4\framework\system\CodeIgniter.php(326): CodeIgniter\CodeIgniter->handleRequest(NULL, Object(Config\Cache), false)
#4 D:\Xampp\htdocs\Classrooms_for_rent\public\index.php(37): CodeIgniter\CodeIgniter->run()
#5 D:\Xampp\htdocs\Classrooms_for_rent\vendor\codeigniter4\framework\system\Commands\Server\rewrite.php(43): require_once('D:\\Xampp\\htdocs...')
#6 {main}
CRITICAL - 2022-05-28 17:18:42 --> Call to a member function has() on null
#0 D:\Xampp\htdocs\Classrooms_for_rent\app\Controllers\HomeController.php(30): App\Controllers\HomeController->checkLogin()
#1 D:\Xampp\htdocs\Classrooms_for_rent\vendor\codeigniter4\framework\system\CodeIgniter.php(832): App\Controllers\HomeController->Login_Page()
#2 D:\Xampp\htdocs\Classrooms_for_rent\vendor\codeigniter4\framework\system\CodeIgniter.php(419): CodeIgniter\CodeIgniter->runController(Object(App\Controllers\HomeController))
#3 D:\Xampp\htdocs\Classrooms_for_rent\vendor\codeigniter4\framework\system\CodeIgniter.php(326): CodeIgniter\CodeIgniter->handleRequest(NULL, Object(Config\Cache), false)
#4 D:\Xampp\htdocs\Classrooms_for_rent\public\index.php(37): CodeIgniter\CodeIgniter->run()
#5 D:\Xampp\htdocs\Classrooms_for_rent\vendor\codeigniter4\framework\system\Commands\Server\rewrite.php(43): require_once('D:\\Xampp\\htdocs...')
#6 {main}
CRITICAL - 2022-05-28 17:19:43 --> Call to a member function has() on null
#0 D:\Xampp\htdocs\Classrooms_for_rent\app\Controllers\HomeController.php(30): App\Controllers\HomeController->checkLogin()
#1 D:\Xampp\htdocs\Classrooms_for_rent\vendor\codeigniter4\framework\system\CodeIgniter.php(832): App\Controllers\HomeController->Login_Page()
#2 D:\Xampp\htdocs\Classrooms_for_rent\vendor\codeigniter4\framework\system\CodeIgniter.php(419): CodeIgniter\CodeIgniter->runController(Object(App\Controllers\HomeController))
#3 D:\Xampp\htdocs\Classrooms_for_rent\vendor\codeigniter4\framework\system\CodeIgniter.php(326): CodeIgniter\CodeIgniter->handleRequest(NULL, Object(Config\Cache), false)
#4 D:\Xampp\htdocs\Classrooms_for_rent\public\index.php(37): CodeIgniter\CodeIgniter->run()
#5 D:\Xampp\htdocs\Classrooms_for_rent\vendor\codeigniter4\framework\system\Commands\Server\rewrite.php(43): require_once('D:\\Xampp\\htdocs...')
#6 {main}
CRITICAL - 2022-05-28 17:19:58 --> Call to a member function has() on null
#0 D:\Xampp\htdocs\Classrooms_for_rent\app\Controllers\HomeController.php(30): App\Controllers\HomeController->checkLogin()
#1 D:\Xampp\htdocs\Classrooms_for_rent\vendor\codeigniter4\framework\system\CodeIgniter.php(832): App\Controllers\HomeController->Login_Page()
#2 D:\Xampp\htdocs\Classrooms_for_rent\vendor\codeigniter4\framework\system\CodeIgniter.php(419): CodeIgniter\CodeIgniter->runController(Object(App\Controllers\HomeController))
#3 D:\Xampp\htdocs\Classrooms_for_rent\vendor\codeigniter4\framework\system\CodeIgniter.php(326): CodeIgniter\CodeIgniter->handleRequest(NULL, Object(Config\Cache), false)
#4 D:\Xampp\htdocs\Classrooms_for_rent\public\index.php(37): CodeIgniter\CodeIgniter->run()
#5 D:\Xampp\htdocs\Classrooms_for_rent\vendor\codeigniter4\framework\system\Commands\Server\rewrite.php(43): require_once('D:\\Xampp\\htdocs...')
#6 {main}
CRITICAL - 2022-05-28 17:20:15 --> Call to a member function has() on null
#0 D:\Xampp\htdocs\Classrooms_for_rent\app\Controllers\HomeController.php(30): App\Controllers\HomeController->checkLogin()
#1 D:\Xampp\htdocs\Classrooms_for_rent\vendor\codeigniter4\framework\system\CodeIgniter.php(832): App\Controllers\HomeController->Login_Page()
#2 D:\Xampp\htdocs\Classrooms_for_rent\vendor\codeigniter4\framework\system\CodeIgniter.php(419): CodeIgniter\CodeIgniter->runController(Object(App\Controllers\HomeController))
#3 D:\Xampp\htdocs\Classrooms_for_rent\vendor\codeigniter4\framework\system\CodeIgniter.php(326): CodeIgniter\CodeIgniter->handleRequest(NULL, Object(Config\Cache), false)
#4 D:\Xampp\htdocs\Classrooms_for_rent\public\index.php(37): CodeIgniter\CodeIgniter->run()
#5 D:\Xampp\htdocs\Classrooms_for_rent\vendor\codeigniter4\framework\system\Commands\Server\rewrite.php(43): require_once('D:\\Xampp\\htdocs...')
#6 {main}
CRITICAL - 2022-05-28 17:23:47 --> Call to undefined method CodeIgniter\Session\Session::unset()
#0 D:\Xampp\htdocs\Classrooms_for_rent\app\Controllers\UserController.php(32): App\Models\UserModel->logout()
#1 D:\Xampp\htdocs\Classrooms_for_rent\vendor\codeigniter4\framework\system\CodeIgniter.php(832): App\Controllers\UserController->logout()
#2 D:\Xampp\htdocs\Classrooms_for_rent\vendor\codeigniter4\framework\system\CodeIgniter.php(419): CodeIgniter\CodeIgniter->runController(Object(App\Controllers\UserController))
#3 D:\Xampp\htdocs\Classrooms_for_rent\vendor\codeigniter4\framework\system\CodeIgniter.php(326): CodeIgniter\CodeIgniter->handleRequest(NULL, Object(Config\Cache), false)
#4 D:\Xampp\htdocs\Classrooms_for_rent\public\index.php(37): CodeIgniter\CodeIgniter->run()
#5 D:\Xampp\htdocs\Classrooms_for_rent\vendor\codeigniter4\framework\system\Commands\Server\rewrite.php(43): require_once('D:\\Xampp\\htdocs...')
#6 {main}
CRITICAL - 2022-05-28 17:24:05 --> Call to undefined method CodeIgniter\Session\Session::unset()
#0 D:\Xampp\htdocs\Classrooms_for_rent\app\Controllers\UserController.php(32): App\Models\UserModel->logout()
#1 D:\Xampp\htdocs\Classrooms_for_rent\vendor\codeigniter4\framework\system\CodeIgniter.php(832): App\Controllers\UserController->logout()
#2 D:\Xampp\htdocs\Classrooms_for_rent\vendor\codeigniter4\framework\system\CodeIgniter.php(419): CodeIgniter\CodeIgniter->runController(Object(App\Controllers\UserController))
#3 D:\Xampp\htdocs\Classrooms_for_rent\vendor\codeigniter4\framework\system\CodeIgniter.php(326): CodeIgniter\CodeIgniter->handleRequest(NULL, Object(Config\Cache), false)
#4 D:\Xampp\htdocs\Classrooms_for_rent\public\index.php(37): CodeIgniter\CodeIgniter->run()
#5 D:\Xampp\htdocs\Classrooms_for_rent\vendor\codeigniter4\framework\system\Commands\Server\rewrite.php(43): require_once('D:\\Xampp\\htdocs...')
#6 {main}
CRITICAL - 2022-05-28 17:42:02 --> Call to a member function get() on null
#0 D:\Xampp\htdocs\Classrooms_for_rent\vendor\codeigniter4\framework\system\View\View.php(210): include()
#1 D:\Xampp\htdocs\Classrooms_for_rent\vendor\codeigniter4\framework\system\View\View.php(213): CodeIgniter\View\View->CodeIgniter\View\{closure}()
#2 D:\Xampp\htdocs\Classrooms_for_rent\vendor\codeigniter4\framework\system\Common.php(1089): CodeIgniter\View\View->render('Client/index', Array, true)
#3 D:\Xampp\htdocs\Classrooms_for_rent\app\Controllers\HomeController.php(42): view('Client/index', Array)
#4 D:\Xampp\htdocs\Classrooms_for_rent\vendor\codeigniter4\framework\system\CodeIgniter.php(832): App\Controllers\HomeController->index()
#5 D:\Xampp\htdocs\Classrooms_for_rent\vendor\codeigniter4\framework\system\CodeIgniter.php(419): CodeIgniter\CodeIgniter->runController(Object(App\Controllers\HomeController))
#6 D:\Xampp\htdocs\Classrooms_for_rent\vendor\codeigniter4\framework\system\CodeIgniter.php(326): CodeIgniter\CodeIgniter->handleRequest(NULL, Object(Config\Cache), false)
#7 D:\Xampp\htdocs\Classrooms_for_rent\public\index.php(37): CodeIgniter\CodeIgniter->run()
#8 D:\Xampp\htdocs\Classrooms_for_rent\vendor\codeigniter4\framework\system\Commands\Server\rewrite.php(43): require_once('D:\\Xampp\\htdocs...')
#9 {main}
CRITICAL - 2022-05-28 17:42:03 --> Call to a member function get() on null
#0 D:\Xampp\htdocs\Classrooms_for_rent\vendor\codeigniter4\framework\system\View\View.php(210): include()
#1 D:\Xampp\htdocs\Classrooms_for_rent\vendor\codeigniter4\framework\system\View\View.php(213): CodeIgniter\View\View->CodeIgniter\View\{closure}()
#2 D:\Xampp\htdocs\Classrooms_for_rent\vendor\codeigniter4\framework\system\Common.php(1089): CodeIgniter\View\View->render('Client/index', Array, true)
#3 D:\Xampp\htdocs\Classrooms_for_rent\app\Controllers\HomeController.php(42): view('Client/index', Array)
#4 D:\Xampp\htdocs\Classrooms_for_rent\vendor\codeigniter4\framework\system\CodeIgniter.php(832): App\Controllers\HomeController->index()
#5 D:\Xampp\htdocs\Classrooms_for_rent\vendor\codeigniter4\framework\system\CodeIgniter.php(419): CodeIgniter\CodeIgniter->runController(Object(App\Controllers\HomeController))
#6 D:\Xampp\htdocs\Classrooms_for_rent\vendor\codeigniter4\framework\system\CodeIgniter.php(326): CodeIgniter\CodeIgniter->handleRequest(NULL, Object(Config\Cache), false)
#7 D:\Xampp\htdocs\Classrooms_for_rent\public\index.php(37): CodeIgniter\CodeIgniter->run()
#8 D:\Xampp\htdocs\Classrooms_for_rent\vendor\codeigniter4\framework\system\Commands\Server\rewrite.php(43): require_once('D:\\Xampp\\htdocs...')
#9 {main}
CRITICAL - 2022-05-28 17:42:49 --> Call to a member function get() on null
#0 D:\Xampp\htdocs\Classrooms_for_rent\vendor\codeigniter4\framework\system\View\View.php(210): include()
#1 D:\Xampp\htdocs\Classrooms_for_rent\vendor\codeigniter4\framework\system\View\View.php(213): CodeIgniter\View\View->CodeIgniter\View\{closure}()
#2 D:\Xampp\htdocs\Classrooms_for_rent\vendor\codeigniter4\framework\system\Common.php(1089): CodeIgniter\View\View->render('Client/index', Array, true)
#3 D:\Xampp\htdocs\Classrooms_for_rent\app\Controllers\HomeController.php(42): view('Client/index', Array)
#4 D:\Xampp\htdocs\Classrooms_for_rent\vendor\codeigniter4\framework\system\CodeIgniter.php(832): App\Controllers\HomeController->index()
#5 D:\Xampp\htdocs\Classrooms_for_rent\vendor\codeigniter4\framework\system\CodeIgniter.php(419): CodeIgniter\CodeIgniter->runController(Object(App\Controllers\HomeController))
#6 D:\Xampp\htdocs\Classrooms_for_rent\vendor\codeigniter4\framework\system\CodeIgniter.php(326): CodeIgniter\CodeIgniter->handleRequest(NULL, Object(Config\Cache), false)
#7 D:\Xampp\htdocs\Classrooms_for_rent\public\index.php(37): CodeIgniter\CodeIgniter->run()
#8 D:\Xampp\htdocs\Classrooms_for_rent\vendor\codeigniter4\framework\system\Commands\Server\rewrite.php(43): require_once('D:\\Xampp\\htdocs...')
#9 {main}
CRITICAL - 2022-05-28 17:43:02 --> Call to a member function get() on null
#0 D:\Xampp\htdocs\Classrooms_for_rent\vendor\codeigniter4\framework\system\View\View.php(210): include()
#1 D:\Xampp\htdocs\Classrooms_for_rent\vendor\codeigniter4\framework\system\View\View.php(213): CodeIgniter\View\View->CodeIgniter\View\{closure}()
#2 D:\Xampp\htdocs\Classrooms_for_rent\vendor\codeigniter4\framework\system\Common.php(1089): CodeIgniter\View\View->render('Client/index', Array, true)
#3 D:\Xampp\htdocs\Classrooms_for_rent\app\Controllers\HomeController.php(43): view('Client/index', Array)
#4 D:\Xampp\htdocs\Classrooms_for_rent\vendor\codeigniter4\framework\system\CodeIgniter.php(832): App\Controllers\HomeController->index()
#5 D:\Xampp\htdocs\Classrooms_for_rent\vendor\codeigniter4\framework\system\CodeIgniter.php(419): CodeIgniter\CodeIgniter->runController(Object(App\Controllers\HomeController))
#6 D:\Xampp\htdocs\Classrooms_for_rent\vendor\codeigniter4\framework\system\CodeIgniter.php(326): CodeIgniter\CodeIgniter->handleRequest(NULL, Object(Config\Cache), false)
#7 D:\Xampp\htdocs\Classrooms_for_rent\public\index.php(37): CodeIgniter\CodeIgniter->run()
#8 D:\Xampp\htdocs\Classrooms_for_rent\vendor\codeigniter4\framework\system\Commands\Server\rewrite.php(43): require_once('D:\\Xampp\\htdocs...')
#9 {main}
ERROR - 2022-05-28 17:52:04 --> You have an error in your SQL syntax; check the manual that corresponds to your MariaDB server version for the right syntax to use near '*, `role`.`name`)
JOIN `role` ON `customers`.`role_id` = `role`.`id`
WHERE `i...' at line 2
CRITICAL - 2022-05-28 17:52:04 --> Call to a member function getResultArray() on bool
#0 D:\Xampp\htdocs\Classrooms_for_rent\app\Controllers\HomeController.php(41): App\Models\UserModel->getProfile()
#1 D:\Xampp\htdocs\Classrooms_for_rent\vendor\codeigniter4\framework\system\CodeIgniter.php(832): App\Controllers\HomeController->index()
#2 D:\Xampp\htdocs\Classrooms_for_rent\vendor\codeigniter4\framework\system\CodeIgniter.php(419): CodeIgniter\CodeIgniter->runController(Object(App\Controllers\HomeController))
#3 D:\Xampp\htdocs\Classrooms_for_rent\vendor\codeigniter4\framework\system\CodeIgniter.php(326): CodeIgniter\CodeIgniter->handleRequest(NULL, Object(Config\Cache), false)
#4 D:\Xampp\htdocs\Classrooms_for_rent\public\index.php(37): CodeIgniter\CodeIgniter->run()
#5 D:\Xampp\htdocs\Classrooms_for_rent\vendor\codeigniter4\framework\system\Commands\Server\rewrite.php(43): require_once('D:\\Xampp\\htdocs...')
#6 {main}
ERROR - 2022-05-28 17:52:26 --> Table 'classrooms.role' doesn't exist
CRITICAL - 2022-05-28 17:52:26 --> Call to a member function getResultArray() on bool
#0 D:\Xampp\htdocs\Classrooms_for_rent\app\Controllers\HomeController.php(41): App\Models\UserModel->getProfile()
#1 D:\Xampp\htdocs\Classrooms_for_rent\vendor\codeigniter4\framework\system\CodeIgniter.php(832): App\Controllers\HomeController->index()
#2 D:\Xampp\htdocs\Classrooms_for_rent\vendor\codeigniter4\framework\system\CodeIgniter.php(419): CodeIgniter\CodeIgniter->runController(Object(App\Controllers\HomeController))
#3 D:\Xampp\htdocs\Classrooms_for_rent\vendor\codeigniter4\framework\system\CodeIgniter.php(326): CodeIgniter\CodeIgniter->handleRequest(NULL, Object(Config\Cache), false)
#4 D:\Xampp\htdocs\Classrooms_for_rent\public\index.php(37): CodeIgniter\CodeIgniter->run()
#5 D:\Xampp\htdocs\Classrooms_for_rent\vendor\codeigniter4\framework\system\Commands\Server\rewrite.php(43): require_once('D:\\Xampp\\htdocs...')
#6 {main}
ERROR - 2022-05-28 17:53:21 --> Table 'classrooms.role' doesn't exist
CRITICAL - 2022-05-28 17:53:21 --> Call to a member function getResultArray() on bool
#0 D:\Xampp\htdocs\Classrooms_for_rent\app\Controllers\HomeController.php(41): App\Models\UserModel->getProfile()
#1 D:\Xampp\htdocs\Classrooms_for_rent\vendor\codeigniter4\framework\system\CodeIgniter.php(832): App\Controllers\HomeController->index()
#2 D:\Xampp\htdocs\Classrooms_for_rent\vendor\codeigniter4\framework\system\CodeIgniter.php(419): CodeIgniter\CodeIgniter->runController(Object(App\Controllers\HomeController))
#3 D:\Xampp\htdocs\Classrooms_for_rent\vendor\codeigniter4\framework\system\CodeIgniter.php(326): CodeIgniter\CodeIgniter->handleRequest(NULL, Object(Config\Cache), false)
#4 D:\Xampp\htdocs\Classrooms_for_rent\public\index.php(37): CodeIgniter\CodeIgniter->run()
#5 D:\Xampp\htdocs\Classrooms_for_rent\vendor\codeigniter4\framework\system\Commands\Server\rewrite.php(43): require_once('D:\\Xampp\\htdocs...')
#6 {main}
ERROR - 2022-05-28 17:53:24 --> Table 'classrooms.role' doesn't exist
CRITICAL - 2022-05-28 17:53:24 --> Call to a member function getResultArray() on bool
#0 D:\Xampp\htdocs\Classrooms_for_rent\app\Controllers\HomeController.php(41): App\Models\UserModel->getProfile()
#1 D:\Xampp\htdocs\Classrooms_for_rent\vendor\codeigniter4\framework\system\CodeIgniter.php(832): App\Controllers\HomeController->index()
#2 D:\Xampp\htdocs\Classrooms_for_rent\vendor\codeigniter4\framework\system\CodeIgniter.php(419): CodeIgniter\CodeIgniter->runController(Object(App\Controllers\HomeController))
#3 D:\Xampp\htdocs\Classrooms_for_rent\vendor\codeigniter4\framework\system\CodeIgniter.php(326): CodeIgniter\CodeIgniter->handleRequest(NULL, Object(Config\Cache), false)
#4 D:\Xampp\htdocs\Classrooms_for_rent\public\index.php(37): CodeIgniter\CodeIgniter->run()
#5 D:\Xampp\htdocs\Classrooms_for_rent\vendor\codeigniter4\framework\system\Commands\Server\rewrite.php(43): require_once('D:\\Xampp\\htdocs...')
#6 {main}
ERROR - 2022-05-28 17:54:02 --> Unknown column 'role.name' in 'field list'
CRITICAL - 2022-05-28 17:54:02 --> Call to a member function getResultArray() on bool
#0 D:\Xampp\htdocs\Classrooms_for_rent\app\Controllers\HomeController.php(41): App\Models\UserModel->getProfile()
#1 D:\Xampp\htdocs\Classrooms_for_rent\vendor\codeigniter4\framework\system\CodeIgniter.php(832): App\Controllers\HomeController->index()
#2 D:\Xampp\htdocs\Classrooms_for_rent\vendor\codeigniter4\framework\system\CodeIgniter.php(419): CodeIgniter\CodeIgniter->runController(Object(App\Controllers\HomeController))
#3 D:\Xampp\htdocs\Classrooms_for_rent\vendor\codeigniter4\framework\system\CodeIgniter.php(326): CodeIgniter\CodeIgniter->handleRequest(NULL, Object(Config\Cache), false)
#4 D:\Xampp\htdocs\Classrooms_for_rent\public\index.php(37): CodeIgniter\CodeIgniter->run()
#5 D:\Xampp\htdocs\Classrooms_for_rent\vendor\codeigniter4\framework\system\Commands\Server\rewrite.php(43): require_once('D:\\Xampp\\htdocs...')
#6 {main}
ERROR - 2022-05-28 17:54:23 --> Unknown column 'role.name' in 'field list'
CRITICAL - 2022-05-28 17:54:23 --> Call to a member function getResultArray() on bool
#0 D:\Xampp\htdocs\Classrooms_for_rent\app\Controllers\HomeController.php(41): App\Models\UserModel->getProfile()
#1 D:\Xampp\htdocs\Classrooms_for_rent\vendor\codeigniter4\framework\system\CodeIgniter.php(832): App\Controllers\HomeController->index()
#2 D:\Xampp\htdocs\Classrooms_for_rent\vendor\codeigniter4\framework\system\CodeIgniter.php(419): CodeIgniter\CodeIgniter->runController(Object(App\Controllers\HomeController))
#3 D:\Xampp\htdocs\Classrooms_for_rent\vendor\codeigniter4\framework\system\CodeIgniter.php(326): CodeIgniter\CodeIgniter->handleRequest(NULL, Object(Config\Cache), false)
#4 D:\Xampp\htdocs\Classrooms_for_rent\public\index.php(37): CodeIgniter\CodeIgniter->run()
#5 D:\Xampp\htdocs\Classrooms_for_rent\vendor\codeigniter4\framework\system\Commands\Server\rewrite.php(43): require_once('D:\\Xampp\\htdocs...')
#6 {main}
ERROR - 2022-05-28 17:54:28 --> Unknown column 'role.name' in 'field list'
CRITICAL - 2022-05-28 17:54:28 --> Call to a member function getResultArray() on bool
#0 D:\Xampp\htdocs\Classrooms_for_rent\app\Controllers\HomeController.php(41): App\Models\UserModel->getProfile()
#1 D:\Xampp\htdocs\Classrooms_for_rent\vendor\codeigniter4\framework\system\CodeIgniter.php(832): App\Controllers\HomeController->index()
#2 D:\Xampp\htdocs\Classrooms_for_rent\vendor\codeigniter4\framework\system\CodeIgniter.php(419): CodeIgniter\CodeIgniter->runController(Object(App\Controllers\HomeController))
#3 D:\Xampp\htdocs\Classrooms_for_rent\vendor\codeigniter4\framework\system\CodeIgniter.php(326): CodeIgniter\CodeIgniter->handleRequest(NULL, Object(Config\Cache), false)
#4 D:\Xampp\htdocs\Classrooms_for_rent\public\index.php(37): CodeIgniter\CodeIgniter->run()
#5 D:\Xampp\htdocs\Classrooms_for_rent\vendor\codeigniter4\framework\system\Commands\Server\rewrite.php(43): require_once('D:\\Xampp\\htdocs...')
#6 {main}
ERROR - 2022-05-28 17:54:33 --> Unknown column 'role.name' in 'field list'
CRITICAL - 2022-05-28 17:54:33 --> Call to a member function getResultArray() on bool
#0 D:\Xampp\htdocs\Classrooms_for_rent\app\Controllers\HomeController.php(41): App\Models\UserModel->getProfile()
#1 D:\Xampp\htdocs\Classrooms_for_rent\vendor\codeigniter4\framework\system\CodeIgniter.php(832): App\Controllers\HomeController->index()
#2 D:\Xampp\htdocs\Classrooms_for_rent\vendor\codeigniter4\framework\system\CodeIgniter.php(419): CodeIgniter\CodeIgniter->runController(Object(App\Controllers\HomeController))
#3 D:\Xampp\htdocs\Classrooms_for_rent\vendor\codeigniter4\framework\system\CodeIgniter.php(326): CodeIgniter\CodeIgniter->handleRequest(NULL, Object(Config\Cache), false)
#4 D:\Xampp\htdocs\Classrooms_for_rent\public\index.php(37): CodeIgniter\CodeIgniter->run()
#5 D:\Xampp\htdocs\Classrooms_for_rent\vendor\codeigniter4\framework\system\Commands\Server\rewrite.php(43): require_once('D:\\Xampp\\htdocs...')
#6 {main}
ERROR - 2022-05-28 17:54:45 --> Unknown column 'role.name' in 'field list'
CRITICAL - 2022-05-28 17:54:45 --> Call to a member function getResultArray() on bool
#0 D:\Xampp\htdocs\Classrooms_for_rent\app\Controllers\HomeController.php(41): App\Models\UserModel->getProfile()
#1 D:\Xampp\htdocs\Classrooms_for_rent\vendor\codeigniter4\framework\system\CodeIgniter.php(832): App\Controllers\HomeController->index()
#2 D:\Xampp\htdocs\Classrooms_for_rent\vendor\codeigniter4\framework\system\CodeIgniter.php(419): CodeIgniter\CodeIgniter->runController(Object(App\Controllers\HomeController))
#3 D:\Xampp\htdocs\Classrooms_for_rent\vendor\codeigniter4\framework\system\CodeIgniter.php(326): CodeIgniter\CodeIgniter->handleRequest(NULL, Object(Config\Cache), false)
#4 D:\Xampp\htdocs\Classrooms_for_rent\public\index.php(37): CodeIgniter\CodeIgniter->run()
#5 D:\Xampp\htdocs\Classrooms_for_rent\vendor\codeigniter4\framework\system\Commands\Server\rewrite.php(43): require_once('D:\\Xampp\\htdocs...')
#6 {main}
ERROR - 2022-05-28 17:55:50 --> Column 'id' in where clause is ambiguous
CRITICAL - 2022-05-28 17:55:50 --> Call to a member function getResultArray() on bool
#0 D:\Xampp\htdocs\Classrooms_for_rent\app\Controllers\HomeController.php(41): App\Models\UserModel->getProfile()
#1 D:\Xampp\htdocs\Classrooms_for_rent\vendor\codeigniter4\framework\system\CodeIgniter.php(832): App\Controllers\HomeController->index()
#2 D:\Xampp\htdocs\Classrooms_for_rent\vendor\codeigniter4\framework\system\CodeIgniter.php(419): CodeIgniter\CodeIgniter->runController(Object(App\Controllers\HomeController))
#3 D:\Xampp\htdocs\Classrooms_for_rent\vendor\codeigniter4\framework\system\CodeIgniter.php(326): CodeIgniter\CodeIgniter->handleRequest(NULL, Object(Config\Cache), false)
#4 D:\Xampp\htdocs\Classrooms_for_rent\public\index.php(37): CodeIgniter\CodeIgniter->run()
#5 D:\Xampp\htdocs\Classrooms_for_rent\vendor\codeigniter4\framework\system\Commands\Server\rewrite.php(43): require_once('D:\\Xampp\\htdocs...')
#6 {main}
ERROR - 2022-05-28 17:57:18 --> Column 'id' in where clause is ambiguous
CRITICAL - 2022-05-28 17:57:18 --> Call to a member function getResultArray() on bool
#0 D:\Xampp\htdocs\Classrooms_for_rent\app\Controllers\HomeController.php(41): App\Models\UserModel->getProfile()
#1 D:\Xampp\htdocs\Classrooms_for_rent\vendor\codeigniter4\framework\system\CodeIgniter.php(832): App\Controllers\HomeController->index()
#2 D:\Xampp\htdocs\Classrooms_for_rent\vendor\codeigniter4\framework\system\CodeIgniter.php(419): CodeIgniter\CodeIgniter->runController(Object(App\Controllers\HomeController))
#3 D:\Xampp\htdocs\Classrooms_for_rent\vendor\codeigniter4\framework\system\CodeIgniter.php(326): CodeIgniter\CodeIgniter->handleRequest(NULL, Object(Config\Cache), false)
#4 D:\Xampp\htdocs\Classrooms_for_rent\public\index.php(37): CodeIgniter\CodeIgniter->run()
#5 D:\Xampp\htdocs\Classrooms_for_rent\vendor\codeigniter4\framework\system\Commands\Server\rewrite.php(43): require_once('D:\\Xampp\\htdocs...')
#6 {main}
ERROR - 2022-05-28 17:58:32 --> Column 'id' in where clause is ambiguous
CRITICAL - 2022-05-28 17:58:32 --> Call to a member function getResultArray() on bool
#0 D:\Xampp\htdocs\Classrooms_for_rent\app\Controllers\HomeController.php(41): App\Models\UserModel->getProfile()
#1 D:\Xampp\htdocs\Classrooms_for_rent\vendor\codeigniter4\framework\system\CodeIgniter.php(832): App\Controllers\HomeController->index()
#2 D:\Xampp\htdocs\Classrooms_for_rent\vendor\codeigniter4\framework\system\CodeIgniter.php(419): CodeIgniter\CodeIgniter->runController(Object(App\Controllers\HomeController))
#3 D:\Xampp\htdocs\Classrooms_for_rent\vendor\codeigniter4\framework\system\CodeIgniter.php(326): CodeIgniter\CodeIgniter->handleRequest(NULL, Object(Config\Cache), false)
#4 D:\Xampp\htdocs\Classrooms_for_rent\public\index.php(37): CodeIgniter\CodeIgniter->run()
#5 D:\Xampp\htdocs\Classrooms_for_rent\vendor\codeigniter4\framework\system\Commands\Server\rewrite.php(43): require_once('D:\\Xampp\\htdocs...')
#6 {main}
ERROR - 2022-05-28 17:58:54 --> Column 'id' in where clause is ambiguous
CRITICAL - 2022-05-28 17:58:54 --> Call to a member function getResultArray() on bool
#0 D:\Xampp\htdocs\Classrooms_for_rent\app\Controllers\HomeController.php(41): App\Models\UserModel->getProfile()
#1 D:\Xampp\htdocs\Classrooms_for_rent\vendor\codeigniter4\framework\system\CodeIgniter.php(832): App\Controllers\HomeController->index()
#2 D:\Xampp\htdocs\Classrooms_for_rent\vendor\codeigniter4\framework\system\CodeIgniter.php(419): CodeIgniter\CodeIgniter->runController(Object(App\Controllers\HomeController))
#3 D:\Xampp\htdocs\Classrooms_for_rent\vendor\codeigniter4\framework\system\CodeIgniter.php(326): CodeIgniter\CodeIgniter->handleRequest(NULL, Object(Config\Cache), false)
#4 D:\Xampp\htdocs\Classrooms_for_rent\public\index.php(37): CodeIgniter\CodeIgniter->run()
#5 D:\Xampp\htdocs\Classrooms_for_rent\vendor\codeigniter4\framework\system\Commands\Server\rewrite.php(43): require_once('D:\\Xampp\\htdocs...')
#6 {main}
ERROR - 2022-05-28 17:59:12 --> Column 'id' in where clause is ambiguous
CRITICAL - 2022-05-28 17:59:12 --> Call to a member function getResultArray() on bool
#0 D:\Xampp\htdocs\Classrooms_for_rent\app\Controllers\HomeController.php(41): App\Models\UserModel->getProfile()
#1 D:\Xampp\htdocs\Classrooms_for_rent\vendor\codeigniter4\framework\system\CodeIgniter.php(832): App\Controllers\HomeController->index()
#2 D:\Xampp\htdocs\Classrooms_for_rent\vendor\codeigniter4\framework\system\CodeIgniter.php(419): CodeIgniter\CodeIgniter->runController(Object(App\Controllers\HomeController))
#3 D:\Xampp\htdocs\Classrooms_for_rent\vendor\codeigniter4\framework\system\CodeIgniter.php(326): CodeIgniter\CodeIgniter->handleRequest(NULL, Object(Config\Cache), false)
#4 D:\Xampp\htdocs\Classrooms_for_rent\public\index.php(37): CodeIgniter\CodeIgniter->run()
#5 D:\Xampp\htdocs\Classrooms_for_rent\vendor\codeigniter4\framework\system\Commands\Server\rewrite.php(43): require_once('D:\\Xampp\\htdocs...')
#6 {main}
CRITICAL - 2022-05-28 18:04:37 --> Illegal string offset 'user'
#0 D:\Xampp\htdocs\Classrooms_for_rent\app\Views\Client\index.php(15): CodeIgniter\Debug\Exceptions->errorHandler(2, 'Illegal string ...', 'D:\\Xampp\\htdocs...', 15, Array)
#1 D:\Xampp\htdocs\Classrooms_for_rent\vendor\codeigniter4\framework\system\View\View.php(210): include('D:\\Xampp\\htdocs...')
#2 D:\Xampp\htdocs\Classrooms_for_rent\vendor\codeigniter4\framework\system\View\View.php(213): CodeIgniter\View\View->CodeIgniter\View\{closure}()
#3 D:\Xampp\htdocs\Classrooms_for_rent\vendor\codeigniter4\framework\system\Common.php(1089): CodeIgniter\View\View->render('Client/index', Array, true)
#4 D:\Xampp\htdocs\Classrooms_for_rent\app\Controllers\HomeController.php(43): view('Client/index', Array)
#5 D:\Xampp\htdocs\Classrooms_for_rent\vendor\codeigniter4\framework\system\CodeIgniter.php(832): App\Controllers\HomeController->index()
#6 D:\Xampp\htdocs\Classrooms_for_rent\vendor\codeigniter4\framework\system\CodeIgniter.php(419): CodeIgniter\CodeIgniter->runController(Object(App\Controllers\HomeController))
#7 D:\Xampp\htdocs\Classrooms_for_rent\vendor\codeigniter4\framework\system\CodeIgniter.php(326): CodeIgniter\CodeIgniter->handleRequest(NULL, Object(Config\Cache), false)
#8 D:\Xampp\htdocs\Classrooms_for_rent\public\index.php(37): CodeIgniter\CodeIgniter->run()
#9 D:\Xampp\htdocs\Classrooms_for_rent\vendor\codeigniter4\framework\system\Commands\Server\rewrite.php(43): require_once('D:\\Xampp\\htdocs...')
#10 {main}
CRITICAL - 2022-05-28 18:05:48 --> Illegal string offset 'user'
#0 D:\Xampp\htdocs\Classrooms_for_rent\app\Views\Client\index.php(15): CodeIgniter\Debug\Exceptions->errorHandler(2, 'Illegal string ...', 'D:\\Xampp\\htdocs...', 15, Array)
#1 D:\Xampp\htdocs\Classrooms_for_rent\vendor\codeigniter4\framework\system\View\View.php(210): include('D:\\Xampp\\htdocs...')
#2 D:\Xampp\htdocs\Classrooms_for_rent\vendor\codeigniter4\framework\system\View\View.php(213): CodeIgniter\View\View->CodeIgniter\View\{closure}()
#3 D:\Xampp\htdocs\Classrooms_for_rent\vendor\codeigniter4\framework\system\Common.php(1089): CodeIgniter\View\View->render('Client/index', Array, true)
#4 D:\Xampp\htdocs\Classrooms_for_rent\app\Controllers\HomeController.php(43): view('Client/index', Array)
#5 D:\Xampp\htdocs\Classrooms_for_rent\vendor\codeigniter4\framework\system\CodeIgniter.php(832): App\Controllers\HomeController->index()
#6 D:\Xampp\htdocs\Classrooms_for_rent\vendor\codeigniter4\framework\system\CodeIgniter.php(419): CodeIgniter\CodeIgniter->runController(Object(App\Controllers\HomeController))
#7 D:\Xampp\htdocs\Classrooms_for_rent\vendor\codeigniter4\framework\system\CodeIgniter.php(326): CodeIgniter\CodeIgniter->handleRequest(NULL, Object(Config\Cache), false)
#8 D:\Xampp\htdocs\Classrooms_for_rent\public\index.php(37): CodeIgniter\CodeIgniter->run()
#9 D:\Xampp\htdocs\Classrooms_for_rent\vendor\codeigniter4\framework\system\Commands\Server\rewrite.php(43): require_once('D:\\Xampp\\htdocs...')
#10 {main}
ERROR - 2022-05-28 18:05:55 --> Column 'id' in where clause is ambiguous
CRITICAL - 2022-05-28 18:05:55 --> Call to a member function getResultArray() on bool
#0 D:\Xampp\htdocs\Classrooms_for_rent\app\Controllers\HomeController.php(41): App\Models\UserModel->getProfile()
#1 D:\Xampp\htdocs\Classrooms_for_rent\vendor\codeigniter4\framework\system\CodeIgniter.php(832): App\Controllers\HomeController->index()
#2 D:\Xampp\htdocs\Classrooms_for_rent\vendor\codeigniter4\framework\system\CodeIgniter.php(419): CodeIgniter\CodeIgniter->runController(Object(App\Controllers\HomeController))
#3 D:\Xampp\htdocs\Classrooms_for_rent\vendor\codeigniter4\framework\system\CodeIgniter.php(326): CodeIgniter\CodeIgniter->handleRequest(NULL, Object(Config\Cache), false)
#4 D:\Xampp\htdocs\Classrooms_for_rent\public\index.php(37): CodeIgniter\CodeIgniter->run()
#5 D:\Xampp\htdocs\Classrooms_for_rent\vendor\codeigniter4\framework\system\Commands\Server\rewrite.php(43): require_once('D:\\Xampp\\htdocs...')
#6 {main}
CRITICAL - 2022-05-28 19:11:30 --> Invalid argument supplied for foreach()
#0 D:\Xampp\htdocs\Classrooms_for_rent\app\Views\Client\rent.php(24): CodeIgniter\Debug\Exceptions->errorHandler(2, 'Invalid argumen...', 'D:\\Xampp\\htdocs...', 24, Array)
#1 D:\Xampp\htdocs\Classrooms_for_rent\vendor\codeigniter4\framework\system\View\View.php(210): include('D:\\Xampp\\htdocs...')
#2 D:\Xampp\htdocs\Classrooms_for_rent\vendor\codeigniter4\framework\system\View\View.php(213): CodeIgniter\View\View->CodeIgniter\View\{closure}()
#3 D:\Xampp\htdocs\Classrooms_for_rent\vendor\codeigniter4\framework\system\Common.php(1089): CodeIgniter\View\View->render('Client/rent', Array, true)
#4 D:\Xampp\htdocs\Classrooms_for_rent\app\Controllers\RoomController.php(32): view('Client/rent', Array)
#5 D:\Xampp\htdocs\Classrooms_for_rent\vendor\codeigniter4\framework\system\CodeIgniter.php(832): App\Controllers\RoomController->index()
#6 D:\Xampp\htdocs\Classrooms_for_rent\vendor\codeigniter4\framework\system\CodeIgniter.php(419): CodeIgniter\CodeIgniter->runController(Object(App\Controllers\RoomController))
#7 D:\Xampp\htdocs\Classrooms_for_rent\vendor\codeigniter4\framework\system\CodeIgniter.php(326): CodeIgniter\CodeIgniter->handleRequest(NULL, Object(Config\Cache), false)
#8 D:\Xampp\htdocs\Classrooms_for_rent\public\index.php(37): CodeIgniter\CodeIgniter->run()
#9 D:\Xampp\htdocs\Classrooms_for_rent\vendor\codeigniter4\framework\system\Commands\Server\rewrite.php(43): require_once('D:\\Xampp\\htdocs...')
#10 {main}
CRITICAL - 2022-05-28 19:13:06 --> Invalid argument supplied for foreach()
#0 D:\Xampp\htdocs\Classrooms_for_rent\app\Views\Client\rent.php(24): CodeIgniter\Debug\Exceptions->errorHandler(2, 'Invalid argumen...', 'D:\\Xampp\\htdocs...', 24, Array)
#1 D:\Xampp\htdocs\Classrooms_for_rent\vendor\codeigniter4\framework\system\View\View.php(210): include('D:\\Xampp\\htdocs...')
#2 D:\Xampp\htdocs\Classrooms_for_rent\vendor\codeigniter4\framework\system\View\View.php(213): CodeIgniter\View\View->CodeIgniter\View\{closure}()
#3 D:\Xampp\htdocs\Classrooms_for_rent\vendor\codeigniter4\framework\system\Common.php(1089): CodeIgniter\View\View->render('Client/rent', Array, true)
#4 D:\Xampp\htdocs\Classrooms_for_rent\app\Controllers\RoomController.php(32): view('Client/rent', Array)
#5 D:\Xampp\htdocs\Classrooms_for_rent\vendor\codeigniter4\framework\system\CodeIgniter.php(832): App\Controllers\RoomController->index()
#6 D:\Xampp\htdocs\Classrooms_for_rent\vendor\codeigniter4\framework\system\CodeIgniter.php(419): CodeIgniter\CodeIgniter->runController(Object(App\Controllers\RoomController))
#7 D:\Xampp\htdocs\Classrooms_for_rent\vendor\codeigniter4\framework\system\CodeIgniter.php(326): CodeIgniter\CodeIgniter->handleRequest(NULL, Object(Config\Cache), false)
#8 D:\Xampp\htdocs\Classrooms_for_rent\public\index.php(37): CodeIgniter\CodeIgniter->run()
#9 D:\Xampp\htdocs\Classrooms_for_rent\vendor\codeigniter4\framework\system\Commands\Server\rewrite.php(43): require_once('D:\\Xampp\\htdocs...')
#10 {main}
CRITICAL - 2022-05-28 19:15:55 --> Invalid argument supplied for foreach()
#0 D:\Xampp\htdocs\Classrooms_for_rent\app\Views\Client\rent.php(24): CodeIgniter\Debug\Exceptions->errorHandler(2, 'Invalid argumen...', 'D:\\Xampp\\htdocs...', 24, Array)
#1 D:\Xampp\htdocs\Classrooms_for_rent\vendor\codeigniter4\framework\system\View\View.php(210): include('D:\\Xampp\\htdocs...')
#2 D:\Xampp\htdocs\Classrooms_for_rent\vendor\codeigniter4\framework\system\View\View.php(213): CodeIgniter\View\View->CodeIgniter\View\{closure}()
#3 D:\Xampp\htdocs\Classrooms_for_rent\vendor\codeigniter4\framework\system\Common.php(1089): CodeIgniter\View\View->render('Client/rent', Array, true)
#4 D:\Xampp\htdocs\Classrooms_for_rent\app\Controllers\RoomController.php(32): view('Client/rent', Array)
#5 D:\Xampp\htdocs\Classrooms_for_rent\vendor\codeigniter4\framework\system\CodeIgniter.php(832): App\Controllers\RoomController->index()
#6 D:\Xampp\htdocs\Classrooms_for_rent\vendor\codeigniter4\framework\system\CodeIgniter.php(419): CodeIgniter\CodeIgniter->runController(Object(App\Controllers\RoomController))
#7 D:\Xampp\htdocs\Classrooms_for_rent\vendor\codeigniter4\framework\system\CodeIgniter.php(326): CodeIgniter\CodeIgniter->handleRequest(NULL, Object(Config\Cache), false)
#8 D:\Xampp\htdocs\Classrooms_for_rent\public\index.php(37): CodeIgniter\CodeIgniter->run()
#9 D:\Xampp\htdocs\Classrooms_for_rent\vendor\codeigniter4\framework\system\Commands\Server\rewrite.php(43): require_once('D:\\Xampp\\htdocs...')
#10 {main}
CRITICAL - 2022-05-28 19:16:22 --> Invalid argument supplied for foreach()
#0 D:\Xampp\htdocs\Classrooms_for_rent\app\Views\Client\rent.php(24): CodeIgniter\Debug\Exceptions->errorHandler(2, 'Invalid argumen...', 'D:\\Xampp\\htdocs...', 24, Array)
#1 D:\Xampp\htdocs\Classrooms_for_rent\vendor\codeigniter4\framework\system\View\View.php(210): include('D:\\Xampp\\htdocs...')
#2 D:\Xampp\htdocs\Classrooms_for_rent\vendor\codeigniter4\framework\system\View\View.php(213): CodeIgniter\View\View->CodeIgniter\View\{closure}()
#3 D:\Xampp\htdocs\Classrooms_for_rent\vendor\codeigniter4\framework\system\Common.php(1089): CodeIgniter\View\View->render('Client/rent', Array, true)
#4 D:\Xampp\htdocs\Classrooms_for_rent\app\Controllers\RoomController.php(32): view('Client/rent', Array)
#5 D:\Xampp\htdocs\Classrooms_for_rent\vendor\codeigniter4\framework\system\CodeIgniter.php(832): App\Controllers\RoomController->index()
#6 D:\Xampp\htdocs\Classrooms_for_rent\vendor\codeigniter4\framework\system\CodeIgniter.php(419): CodeIgniter\CodeIgniter->runController(Object(App\Controllers\RoomController))
#7 D:\Xampp\htdocs\Classrooms_for_rent\vendor\codeigniter4\framework\system\CodeIgniter.php(326): CodeIgniter\CodeIgniter->handleRequest(NULL, Object(Config\Cache), false)
#8 D:\Xampp\htdocs\Classrooms_for_rent\public\index.php(37): CodeIgniter\CodeIgniter->run()
#9 D:\Xampp\htdocs\Classrooms_for_rent\vendor\codeigniter4\framework\system\Commands\Server\rewrite.php(43): require_once('D:\\Xampp\\htdocs...')
#10 {main}
ERROR - 2022-05-28 19:17:59 --> Unknown column 'shifts.name' in 'field list'
CRITICAL - 2022-05-28 19:17:59 --> Call to a member function getResultArray() on bool
#0 D:\Xampp\htdocs\Classrooms_for_rent\app\Controllers\RoomController.php(28): App\Models\RoomModel->getListRoomRent()
#1 D:\Xampp\htdocs\Classrooms_for_rent\vendor\codeigniter4\framework\system\CodeIgniter.php(832): App\Controllers\RoomController->index()
#2 D:\Xampp\htdocs\Classrooms_for_rent\vendor\codeigniter4\framework\system\CodeIgniter.php(419): CodeIgniter\CodeIgniter->runController(Object(App\Controllers\RoomController))
#3 D:\Xampp\htdocs\Classrooms_for_rent\vendor\codeigniter4\framework\system\CodeIgniter.php(326): CodeIgniter\CodeIgniter->handleRequest(NULL, Object(Config\Cache), false)
#4 D:\Xampp\htdocs\Classrooms_for_rent\public\index.php(37): CodeIgniter\CodeIgniter->run()
#5 D:\Xampp\htdocs\Classrooms_for_rent\vendor\codeigniter4\framework\system\Commands\Server\rewrite.php(43): require_once('D:\\Xampp\\htdocs...')
#6 {main}
CRITICAL - 2022-05-28 19:33:17 --> Invalid argument supplied for foreach()
#0 D:\Xampp\htdocs\Classrooms_for_rent\app\Views\Client\rent.php(23): CodeIgniter\Debug\Exceptions->errorHandler(2, 'Invalid argumen...', 'D:\\Xampp\\htdocs...', 23, Array)
#1 D:\Xampp\htdocs\Classrooms_for_rent\vendor\codeigniter4\framework\system\View\View.php(210): include('D:\\Xampp\\htdocs...')
#2 D:\Xampp\htdocs\Classrooms_for_rent\vendor\codeigniter4\framework\system\View\View.php(213): CodeIgniter\View\View->CodeIgniter\View\{closure}()
#3 D:\Xampp\htdocs\Classrooms_for_rent\vendor\codeigniter4\framework\system\Common.php(1089): CodeIgniter\View\View->render('Client/rent', Array, true)
#4 D:\Xampp\htdocs\Classrooms_for_rent\app\Controllers\RoomController.php(33): view('Client/rent', Array)
#5 D:\Xampp\htdocs\Classrooms_for_rent\vendor\codeigniter4\framework\system\CodeIgniter.php(832): App\Controllers\RoomController->index()
#6 D:\Xampp\htdocs\Classrooms_for_rent\vendor\codeigniter4\framework\system\CodeIgniter.php(419): CodeIgniter\CodeIgniter->runController(Object(App\Controllers\RoomController))
#7 D:\Xampp\htdocs\Classrooms_for_rent\vendor\codeigniter4\framework\system\CodeIgniter.php(326): CodeIgniter\CodeIgniter->handleRequest(NULL, Object(Config\Cache), false)
#8 D:\Xampp\htdocs\Classrooms_for_rent\public\index.php(37): CodeIgniter\CodeIgniter->run()
#9 D:\Xampp\htdocs\Classrooms_for_rent\vendor\codeigniter4\framework\system\Commands\Server\rewrite.php(43): require_once('D:\\Xampp\\htdocs...')
#10 {main}
CRITICAL - 2022-05-28 19:33:55 --> Invalid argument supplied for foreach()
#0 D:\Xampp\htdocs\Classrooms_for_rent\app\Views\Client\rent.php(23): CodeIgniter\Debug\Exceptions->errorHandler(2, 'Invalid argumen...', 'D:\\Xampp\\htdocs...', 23, Array)
#1 D:\Xampp\htdocs\Classrooms_for_rent\vendor\codeigniter4\framework\system\View\View.php(210): include('D:\\Xampp\\htdocs...')
#2 D:\Xampp\htdocs\Classrooms_for_rent\vendor\codeigniter4\framework\system\View\View.php(213): CodeIgniter\View\View->CodeIgniter\View\{closure}()
#3 D:\Xampp\htdocs\Classrooms_for_rent\vendor\codeigniter4\framework\system\Common.php(1089): CodeIgniter\View\View->render('Client/rent', Array, true)
#4 D:\Xampp\htdocs\Classrooms_for_rent\app\Controllers\RoomController.php(33): view('Client/rent', Array)
#5 D:\Xampp\htdocs\Classrooms_for_rent\vendor\codeigniter4\framework\system\CodeIgniter.php(832): App\Controllers\RoomController->index()
#6 D:\Xampp\htdocs\Classrooms_for_rent\vendor\codeigniter4\framework\system\CodeIgniter.php(419): CodeIgniter\CodeIgniter->runController(Object(App\Controllers\RoomController))
#7 D:\Xampp\htdocs\Classrooms_for_rent\vendor\codeigniter4\framework\system\CodeIgniter.php(326): CodeIgniter\CodeIgniter->handleRequest(NULL, Object(Config\Cache), false)
#8 D:\Xampp\htdocs\Classrooms_for_rent\public\index.php(37): CodeIgniter\CodeIgniter->run()
#9 D:\Xampp\htdocs\Classrooms_for_rent\vendor\codeigniter4\framework\system\Commands\Server\rewrite.php(43): require_once('D:\\Xampp\\htdocs...')
#10 {main}
CRITICAL - 2022-05-28 19:43:09 --> Invalid argument supplied for foreach()
#0 D:\Xampp\htdocs\Classrooms_for_rent\app\Views\Client\rent.php(23): CodeIgniter\Debug\Exceptions->errorHandler(2, 'Invalid argumen...', 'D:\\Xampp\\htdocs...', 23, Array)
#1 D:\Xampp\htdocs\Classrooms_for_rent\vendor\codeigniter4\framework\system\View\View.php(210): include('D:\\Xampp\\htdocs...')
#2 D:\Xampp\htdocs\Classrooms_for_rent\vendor\codeigniter4\framework\system\View\View.php(213): CodeIgniter\View\View->CodeIgniter\View\{closure}()
#3 D:\Xampp\htdocs\Classrooms_for_rent\vendor\codeigniter4\framework\system\Common.php(1089): CodeIgniter\View\View->render('Client/rent', Array, true)
#4 D:\Xampp\htdocs\Classrooms_for_rent\app\Controllers\RoomController.php(33): view('Client/rent', Array)
#5 D:\Xampp\htdocs\Classrooms_for_rent\vendor\codeigniter4\framework\system\CodeIgniter.php(832): App\Controllers\RoomController->index()
#6 D:\Xampp\htdocs\Classrooms_for_rent\vendor\codeigniter4\framework\system\CodeIgniter.php(419): CodeIgniter\CodeIgniter->runController(Object(App\Controllers\RoomController))
#7 D:\Xampp\htdocs\Classrooms_for_rent\vendor\codeigniter4\framework\system\CodeIgniter.php(326): CodeIgniter\CodeIgniter->handleRequest(NULL, Object(Config\Cache), false)
#8 D:\Xampp\htdocs\Classrooms_for_rent\public\index.php(37): CodeIgniter\CodeIgniter->run()
#9 D:\Xampp\htdocs\Classrooms_for_rent\vendor\codeigniter4\framework\system\Commands\Server\rewrite.php(43): require_once('D:\\Xampp\\htdocs...')
#10 {main}
CRITICAL - 2022-05-28 19:43:10 --> Invalid argument supplied for foreach()
#0 D:\Xampp\htdocs\Classrooms_for_rent\app\Views\Client\rent.php(23): CodeIgniter\Debug\Exceptions->errorHandler(2, 'Invalid argumen...', 'D:\\Xampp\\htdocs...', 23, Array)
#1 D:\Xampp\htdocs\Classrooms_for_rent\vendor\codeigniter4\framework\system\View\View.php(210): include('D:\\Xampp\\htdocs...')
#2 D:\Xampp\htdocs\Classrooms_for_rent\vendor\codeigniter4\framework\system\View\View.php(213): CodeIgniter\View\View->CodeIgniter\View\{closure}()
#3 D:\Xampp\htdocs\Classrooms_for_rent\vendor\codeigniter4\framework\system\Common.php(1089): CodeIgniter\View\View->render('Client/rent', Array, true)
#4 D:\Xampp\htdocs\Classrooms_for_rent\app\Controllers\RoomController.php(33): view('Client/rent', Array)
#5 D:\Xampp\htdocs\Classrooms_for_rent\vendor\codeigniter4\framework\system\CodeIgniter.php(832): App\Controllers\RoomController->index()
#6 D:\Xampp\htdocs\Classrooms_for_rent\vendor\codeigniter4\framework\system\CodeIgniter.php(419): CodeIgniter\CodeIgniter->runController(Object(App\Controllers\RoomController))
#7 D:\Xampp\htdocs\Classrooms_for_rent\vendor\codeigniter4\framework\system\CodeIgniter.php(326): CodeIgniter\CodeIgniter->handleRequest(NULL, Object(Config\Cache), false)
#8 D:\Xampp\htdocs\Classrooms_for_rent\public\index.php(37): CodeIgniter\CodeIgniter->run()
#9 D:\Xampp\htdocs\Classrooms_for_rent\vendor\codeigniter4\framework\system\Commands\Server\rewrite.php(43): require_once('D:\\Xampp\\htdocs...')
#10 {main}
CRITICAL - 2022-05-28 19:44:45 --> Invalid argument supplied for foreach()
#0 D:\Xampp\htdocs\Classrooms_for_rent\app\Views\Client\rent.php(23): CodeIgniter\Debug\Exceptions->errorHandler(2, 'Invalid argumen...', 'D:\\Xampp\\htdocs...', 23, Array)
#1 D:\Xampp\htdocs\Classrooms_for_rent\vendor\codeigniter4\framework\system\View\View.php(210): include('D:\\Xampp\\htdocs...')
#2 D:\Xampp\htdocs\Classrooms_for_rent\vendor\codeigniter4\framework\system\View\View.php(213): CodeIgniter\View\View->CodeIgniter\View\{closure}()
#3 D:\Xampp\htdocs\Classrooms_for_rent\vendor\codeigniter4\framework\system\Common.php(1089): CodeIgniter\View\View->render('Client/rent', Array, true)
#4 D:\Xampp\htdocs\Classrooms_for_rent\app\Controllers\RoomController.php(33): view('Client/rent', Array)
#5 D:\Xampp\htdocs\Classrooms_for_rent\vendor\codeigniter4\framework\system\CodeIgniter.php(832): App\Controllers\RoomController->index()
#6 D:\Xampp\htdocs\Classrooms_for_rent\vendor\codeigniter4\framework\system\CodeIgniter.php(419): CodeIgniter\CodeIgniter->runController(Object(App\Controllers\RoomController))
#7 D:\Xampp\htdocs\Classrooms_for_rent\vendor\codeigniter4\framework\system\CodeIgniter.php(326): CodeIgniter\CodeIgniter->handleRequest(NULL, Object(Config\Cache), false)
#8 D:\Xampp\htdocs\Classrooms_for_rent\public\index.php(37): CodeIgniter\CodeIgniter->run()
#9 D:\Xampp\htdocs\Classrooms_for_rent\vendor\codeigniter4\framework\system\Commands\Server\rewrite.php(43): require_once('D:\\Xampp\\htdocs...')
#10 {main}
CRITICAL - 2022-05-28 19:44:49 --> Invalid argument supplied for foreach()
#0 D:\Xampp\htdocs\Classrooms_for_rent\app\Views\Client\rent.php(23): CodeIgniter\Debug\Exceptions->errorHandler(2, 'Invalid argumen...', 'D:\\Xampp\\htdocs...', 23, Array)
#1 D:\Xampp\htdocs\Classrooms_for_rent\vendor\codeigniter4\framework\system\View\View.php(210): include('D:\\Xampp\\htdocs...')
#2 D:\Xampp\htdocs\Classrooms_for_rent\vendor\codeigniter4\framework\system\View\View.php(213): CodeIgniter\View\View->CodeIgniter\View\{closure}()
#3 D:\Xampp\htdocs\Classrooms_for_rent\vendor\codeigniter4\framework\system\Common.php(1089): CodeIgniter\View\View->render('Client/rent', Array, true)
#4 D:\Xampp\htdocs\Classrooms_for_rent\app\Controllers\RoomController.php(33): view('Client/rent', Array)
#5 D:\Xampp\htdocs\Classrooms_for_rent\vendor\codeigniter4\framework\system\CodeIgniter.php(832): App\Controllers\RoomController->index()
#6 D:\Xampp\htdocs\Classrooms_for_rent\vendor\codeigniter4\framework\system\CodeIgniter.php(419): CodeIgniter\CodeIgniter->runController(Object(App\Controllers\RoomController))
#7 D:\Xampp\htdocs\Classrooms_for_rent\vendor\codeigniter4\framework\system\CodeIgniter.php(326): CodeIgniter\CodeIgniter->handleRequest(NULL, Object(Config\Cache), false)
#8 D:\Xampp\htdocs\Classrooms_for_rent\public\index.php(37): CodeIgniter\CodeIgniter->run()
#9 D:\Xampp\htdocs\Classrooms_for_rent\vendor\codeigniter4\framework\system\Commands\Server\rewrite.php(43): require_once('D:\\Xampp\\htdocs...')
#10 {main}
CRITICAL - 2022-05-28 20:04:16 --> Invalid argument supplied for foreach()
#0 D:\Xampp\htdocs\Classrooms_for_rent\app\Views\Client\rent.php(59): CodeIgniter\Debug\Exceptions->errorHandler(2, 'Invalid argumen...', 'D:\\Xampp\\htdocs...', 59, Array)
#1 D:\Xampp\htdocs\Classrooms_for_rent\vendor\codeigniter4\framework\system\View\View.php(210): include('D:\\Xampp\\htdocs...')
#2 D:\Xampp\htdocs\Classrooms_for_rent\vendor\codeigniter4\framework\system\View\View.php(213): CodeIgniter\View\View->CodeIgniter\View\{closure}()
#3 D:\Xampp\htdocs\Classrooms_for_rent\vendor\codeigniter4\framework\system\Common.php(1089): CodeIgniter\View\View->render('Client/rent', Array, true)
#4 D:\Xampp\htdocs\Classrooms_for_rent\app\Controllers\RoomController.php(33): view('Client/rent', Array)
#5 D:\Xampp\htdocs\Classrooms_for_rent\vendor\codeigniter4\framework\system\CodeIgniter.php(832): App\Controllers\RoomController->index()
#6 D:\Xampp\htdocs\Classrooms_for_rent\vendor\codeigniter4\framework\system\CodeIgniter.php(419): CodeIgniter\CodeIgniter->runController(Object(App\Controllers\RoomController))
#7 D:\Xampp\htdocs\Classrooms_for_rent\vendor\codeigniter4\framework\system\CodeIgniter.php(326): CodeIgniter\CodeIgniter->handleRequest(NULL, Object(Config\Cache), false)
#8 D:\Xampp\htdocs\Classrooms_for_rent\public\index.php(37): CodeIgniter\CodeIgniter->run()
#9 D:\Xampp\htdocs\Classrooms_for_rent\vendor\codeigniter4\framework\system\Commands\Server\rewrite.php(43): require_once('D:\\Xampp\\htdocs...')
#10 {main}
CRITICAL - 2022-05-28 20:12:23 --> Invalid argument supplied for foreach()
#0 D:\Xampp\htdocs\Classrooms_for_rent\app\Views\Client\rent.php(51): CodeIgniter\Debug\Exceptions->errorHandler(2, 'Invalid argumen...', 'D:\\Xampp\\htdocs...', 51, Array)
#1 D:\Xampp\htdocs\Classrooms_for_rent\vendor\codeigniter4\framework\system\View\View.php(210): include('D:\\Xampp\\htdocs...')
#2 D:\Xampp\htdocs\Classrooms_for_rent\vendor\codeigniter4\framework\system\View\View.php(213): CodeIgniter\View\View->CodeIgniter\View\{closure}()
#3 D:\Xampp\htdocs\Classrooms_for_rent\vendor\codeigniter4\framework\system\Common.php(1089): CodeIgniter\View\View->render('Client/rent', Array, true)
#4 D:\Xampp\htdocs\Classrooms_for_rent\app\Controllers\RoomController.php(33): view('Client/rent', Array)
#5 D:\Xampp\htdocs\Classrooms_for_rent\vendor\codeigniter4\framework\system\CodeIgniter.php(832): App\Controllers\RoomController->index()
#6 D:\Xampp\htdocs\Classrooms_for_rent\vendor\codeigniter4\framework\system\CodeIgniter.php(419): CodeIgniter\CodeIgniter->runController(Object(App\Controllers\RoomController))
#7 D:\Xampp\htdocs\Classrooms_for_rent\vendor\codeigniter4\framework\system\CodeIgniter.php(326): CodeIgniter\CodeIgniter->handleRequest(NULL, Object(Config\Cache), false)
#8 D:\Xampp\htdocs\Classrooms_for_rent\public\index.php(37): CodeIgniter\CodeIgniter->run()
#9 D:\Xampp\htdocs\Classrooms_for_rent\vendor\codeigniter4\framework\system\Commands\Server\rewrite.php(43): require_once('D:\\Xampp\\htdocs...')
#10 {main}
CRITICAL - 2022-05-28 21:53:00 --> Call to a member function setJSON() on null
#0 D:\Xampp\htdocs\Classrooms_for_rent\app\Controllers\ShiftController.php(52): App\Models\ShiftModel->getListShiftRent('2', '2022-05-29')
#1 D:\Xampp\htdocs\Classrooms_for_rent\vendor\codeigniter4\framework\system\CodeIgniter.php(832): App\Controllers\ShiftController->getListShiftRent()
#2 D:\Xampp\htdocs\Classrooms_for_rent\vendor\codeigniter4\framework\system\CodeIgniter.php(419): CodeIgniter\CodeIgniter->runController(Object(App\Controllers\ShiftController))
#3 D:\Xampp\htdocs\Classrooms_for_rent\vendor\codeigniter4\framework\system\CodeIgniter.php(326): CodeIgniter\CodeIgniter->handleRequest(NULL, Object(Config\Cache), false)
#4 D:\Xampp\htdocs\Classrooms_for_rent\public\index.php(37): CodeIgniter\CodeIgniter->run()
#5 D:\Xampp\htdocs\Classrooms_for_rent\vendor\codeigniter4\framework\system\Commands\Server\rewrite.php(43): require_once('D:\\Xampp\\htdocs...')
#6 {main}
CRITICAL - 2022-05-28 21:54:09 --> Call to a member function setJSON() on null
#0 D:\Xampp\htdocs\Classrooms_for_rent\app\Controllers\ShiftController.php(52): App\Models\ShiftModel->getListShiftRent('2', '2022-05-29')
#1 D:\Xampp\htdocs\Classrooms_for_rent\vendor\codeigniter4\framework\system\CodeIgniter.php(832): App\Controllers\ShiftController->getListShiftRent()
#2 D:\Xampp\htdocs\Classrooms_for_rent\vendor\codeigniter4\framework\system\CodeIgniter.php(419): CodeIgniter\CodeIgniter->runController(Object(App\Controllers\ShiftController))
#3 D:\Xampp\htdocs\Classrooms_for_rent\vendor\codeigniter4\framework\system\CodeIgniter.php(326): CodeIgniter\CodeIgniter->handleRequest(NULL, Object(Config\Cache), false)
#4 D:\Xampp\htdocs\Classrooms_for_rent\public\index.php(37): CodeIgniter\CodeIgniter->run()
#5 D:\Xampp\htdocs\Classrooms_for_rent\vendor\codeigniter4\framework\system\Commands\Server\rewrite.php(43): require_once('D:\\Xampp\\htdocs...')
#6 {main}
CRITICAL - 2022-05-28 21:54:51 --> Call to a member function setJSON() on null
#0 D:\Xampp\htdocs\Classrooms_for_rent\app\Controllers\ShiftController.php(52): App\Models\ShiftModel->getListShiftRent('2', '2022-05-29')
#1 D:\Xampp\htdocs\Classrooms_for_rent\vendor\codeigniter4\framework\system\CodeIgniter.php(832): App\Controllers\ShiftController->getListShiftRent()
#2 D:\Xampp\htdocs\Classrooms_for_rent\vendor\codeigniter4\framework\system\CodeIgniter.php(419): CodeIgniter\CodeIgniter->runController(Object(App\Controllers\ShiftController))
#3 D:\Xampp\htdocs\Classrooms_for_rent\vendor\codeigniter4\framework\system\CodeIgniter.php(326): CodeIgniter\CodeIgniter->handleRequest(NULL, Object(Config\Cache), false)
#4 D:\Xampp\htdocs\Classrooms_for_rent\public\index.php(37): CodeIgniter\CodeIgniter->run()
#5 D:\Xampp\htdocs\Classrooms_for_rent\vendor\codeigniter4\framework\system\Commands\Server\rewrite.php(43): require_once('D:\\Xampp\\htdocs...')
#6 {main}
CRITICAL - 2022-05-28 21:58:04 --> Call to a member function setJSON() on null
#0 D:\Xampp\htdocs\Classrooms_for_rent\app\Controllers\ShiftController.php(52): App\Models\ShiftModel->getListShiftRent('2', '2022-05-29')
#1 D:\Xampp\htdocs\Classrooms_for_rent\vendor\codeigniter4\framework\system\CodeIgniter.php(832): App\Controllers\ShiftController->getListShiftRent()
#2 D:\Xampp\htdocs\Classrooms_for_rent\vendor\codeigniter4\framework\system\CodeIgniter.php(419): CodeIgniter\CodeIgniter->runController(Object(App\Controllers\ShiftController))
#3 D:\Xampp\htdocs\Classrooms_for_rent\vendor\codeigniter4\framework\system\CodeIgniter.php(326): CodeIgniter\CodeIgniter->handleRequest(NULL, Object(Config\Cache), false)
#4 D:\Xampp\htdocs\Classrooms_for_rent\public\index.php(37): CodeIgniter\CodeIgniter->run()
#5 D:\Xampp\htdocs\Classrooms_for_rent\vendor\codeigniter4\framework\system\Commands\Server\rewrite.php(43): require_once('D:\\Xampp\\htdocs...')
#6 {main}
CRITICAL - 2022-05-28 21:58:43 --> Call to a member function setJSON() on null
#0 D:\Xampp\htdocs\Classrooms_for_rent\app\Controllers\ShiftController.php(52): App\Models\ShiftModel->getListShiftRent('2', '2022-05-29')
#1 D:\Xampp\htdocs\Classrooms_for_rent\vendor\codeigniter4\framework\system\CodeIgniter.php(832): App\Controllers\ShiftController->getListShiftRent()
#2 D:\Xampp\htdocs\Classrooms_for_rent\vendor\codeigniter4\framework\system\CodeIgniter.php(419): CodeIgniter\CodeIgniter->runController(Object(App\Controllers\ShiftController))
#3 D:\Xampp\htdocs\Classrooms_for_rent\vendor\codeigniter4\framework\system\CodeIgniter.php(326): CodeIgniter\CodeIgniter->handleRequest(NULL, Object(Config\Cache), false)
#4 D:\Xampp\htdocs\Classrooms_for_rent\public\index.php(37): CodeIgniter\CodeIgniter->run()
#5 D:\Xampp\htdocs\Classrooms_for_rent\vendor\codeigniter4\framework\system\Commands\Server\rewrite.php(43): require_once('D:\\Xampp\\htdocs...')
#6 {main}
CRITICAL - 2022-05-28 22:00:52 --> Call to a member function setJSON() on null
#0 D:\Xampp\htdocs\Classrooms_for_rent\app\Controllers\ShiftController.php(52): App\Models\ShiftModel->getListShiftRent('2', '2022-05-29')
#1 D:\Xampp\htdocs\Classrooms_for_rent\vendor\codeigniter4\framework\system\CodeIgniter.php(832): App\Controllers\ShiftController->getListShiftRent()
#2 D:\Xampp\htdocs\Classrooms_for_rent\vendor\codeigniter4\framework\system\CodeIgniter.php(419): CodeIgniter\CodeIgniter->runController(Object(App\Controllers\ShiftController))
#3 D:\Xampp\htdocs\Classrooms_for_rent\vendor\codeigniter4\framework\system\CodeIgniter.php(326): CodeIgniter\CodeIgniter->handleRequest(NULL, Object(Config\Cache), false)
#4 D:\Xampp\htdocs\Classrooms_for_rent\public\index.php(37): CodeIgniter\CodeIgniter->run()
#5 D:\Xampp\htdocs\Classrooms_for_rent\vendor\codeigniter4\framework\system\Commands\Server\rewrite.php(43): require_once('D:\\Xampp\\htdocs...')
#6 {main}
